[2022-04-05 17:09:05] [DEBUG] [OdontologoDaoH2:21] Conexión exitosa
[2022-04-05 17:09:06] [DEBUG] [OdontologoDaoH2:61] Se creo la lista de odontologos
[2022-04-05 17:09:08] [DEBUG] [OdontologoDaoH2:21] Conexión exitosa
[2022-04-05 17:09:08] [DEBUG] [OdontologoDaoH2:94] Se encontro al odontologo
[2022-04-05 17:09:08] [INFO ] [OdontologoDaoH2:95] Odontologo [Matricula: 123456, Nombre: pepe, Apellido: qqqq]
[2022-04-05 17:09:16] [DEBUG] [OdontologoDaoH2:21] Conexión exitosa
[2022-04-05 17:09:16] [DEBUG] [OdontologoDaoH2:94] Se encontro al odontologo
[2022-04-05 17:09:16] [INFO ] [OdontologoDaoH2:95] Odontologo [Matricula: 123456, Nombre: pepe, Apellido: qqqq]
[2022-04-05 17:09:16] [DEBUG] [OdontologoDaoH2:21] Conexión exitosa
[2022-04-05 17:13:38] [DEBUG] [OdontologoDaoH2:21] Conexión exitosa
[2022-04-05 17:13:38] [DEBUG] [OdontologoDaoH2:61] Se creo la lista de odontologos
[2022-04-05 17:13:39] [DEBUG] [OdontologoDaoH2:21] Conexión exitosa
[2022-04-05 17:13:39] [DEBUG] [OdontologoDaoH2:61] Se creo la lista de odontologos
[2022-04-05 17:13:41] [DEBUG] [OdontologoDaoH2:21] Conexión exitosa
[2022-04-05 17:13:41] [DEBUG] [OdontologoDaoH2:61] Se creo la lista de odontologos
[2022-04-05 17:14:02] [DEBUG] [OdontologoDaoH2:21] Conexión exitosa
[2022-04-05 17:14:02] [DEBUG] [OdontologoDaoH2:94] Se encontro al odontologo
[2022-04-05 17:14:02] [INFO ] [OdontologoDaoH2:95] Odontologo(id=1, numMatricula=22222, nombre=hola, apellido=anda)
[2022-04-05 17:24:29] [DEBUG] [OdontologoDaoH2:23] Conexión exitosa
[2022-04-05 17:24:29] [DEBUG] [OdontologoDaoH2:63] Se creo la lista de odontologos
[2022-04-05 17:24:30] [DEBUG] [OdontologoDaoH2:23] Conexión exitosa
[2022-04-05 17:24:30] [DEBUG] [OdontologoDaoH2:96] Se encontro al odontologo
[2022-04-05 17:24:31] [INFO ] [OdontologoDaoH2:97] Odontologo(id=1, numMatricula=22222, nombre=hola, apellido=anda)
[2022-04-05 17:24:32] [DEBUG] [OdontologoDaoH2:23] Conexión exitosa
[2022-04-05 17:24:32] [DEBUG] [OdontologoDaoH2:63] Se creo la lista de odontologos
[2022-04-05 17:24:34] [DEBUG] [OdontologoDaoH2:23] Conexión exitosa
[2022-04-05 17:24:34] [DEBUG] [OdontologoDaoH2:96] Se encontro al odontologo
[2022-04-05 17:24:34] [INFO ] [OdontologoDaoH2:97] Odontologo(id=1, numMatricula=22222, nombre=hola, apellido=anda)
[2022-04-05 17:24:35] [DEBUG] [OdontologoDaoH2:23] Conexión exitosa
[2022-04-05 17:24:35] [DEBUG] [OdontologoDaoH2:96] Se encontro al odontologo
[2022-04-05 17:24:35] [INFO ] [OdontologoDaoH2:97] Odontologo(id=2, numMatricula=456456, nombre=Jorge, apellido=Stewart)
[2022-04-05 17:24:36] [DEBUG] [OdontologoDaoH2:23] Conexión exitosa
[2022-04-05 17:24:36] [DEBUG] [OdontologoDaoH2:96] Se encontro al odontologo
[2022-04-05 17:24:36] [INFO ] [OdontologoDaoH2:97] Odontologo(id=3, numMatricula=223123, nombre=Jorge, apellido=Stewart)
[2022-04-05 17:24:50] [DEBUG] [OdontologoDaoH2:23] Conexión exitosa
[2022-04-05 17:24:50] [DEBUG] [OdontologoDaoH2:63] Se creo la lista de odontologos
[2022-04-05 17:24:51] [DEBUG] [OdontologoDaoH2:23] Conexión exitosa
[2022-04-05 17:24:51] [DEBUG] [OdontologoDaoH2:96] Se encontro al odontologo
[2022-04-05 17:24:51] [INFO ] [OdontologoDaoH2:97] Odontologo(id=1, numMatricula=22222, nombre=hola, apellido=anda)
[2022-04-05 17:24:51] [DEBUG] [OdontologoDaoH2:23] Conexión exitosa
[2022-04-05 17:24:51] [DEBUG] [OdontologoDaoH2:96] Se encontro al odontologo
[2022-04-05 17:24:51] [INFO ] [OdontologoDaoH2:97] Odontologo(id=2, numMatricula=456456, nombre=Jorge, apellido=Stewart)
[2022-04-05 17:24:52] [DEBUG] [OdontologoDaoH2:23] Conexión exitosa
[2022-04-05 17:24:52] [DEBUG] [OdontologoDaoH2:96] Se encontro al odontologo
[2022-04-05 17:24:52] [INFO ] [OdontologoDaoH2:97] Odontologo(id=3, numMatricula=223123, nombre=Jorge, apellido=Stewart)
[2022-04-05 17:24:52] [DEBUG] [OdontologoDaoH2:23] Conexión exitosa
[2022-04-05 17:24:52] [DEBUG] [OdontologoDaoH2:96] Se encontro al odontologo
[2022-04-05 17:24:52] [INFO ] [OdontologoDaoH2:97] Odontologo(id=4, numMatricula=223123, nombre=asdasd, apellido=asdda)
[2022-04-05 17:24:53] [DEBUG] [OdontologoDaoH2:23] Conexión exitosa
[2022-04-05 17:24:53] [DEBUG] [OdontologoDaoH2:96] Se encontro al odontologo
[2022-04-05 17:24:53] [INFO ] [OdontologoDaoH2:97] Odontologo(id=5, numMatricula=223123, nombre=asdasd, apellido=asdda)
[2022-04-05 17:36:09] [DEBUG] [OdontologoDaoH2:23] Conexión exitosa
[2022-04-05 17:36:09] [DEBUG] [OdontologoDaoH2:63] Se creo la lista de odontologos
[2022-04-05 19:29:40] [DEBUG] [OdontologoDaoH2:23] Conexión exitosa
[2022-04-05 19:29:40] [DEBUG] [OdontologoDaoH2:63] Se creo la lista de odontologos
[2022-04-05 19:33:18] [DEBUG] [OdontologoDaoH2:23] Conexión exitosa
[2022-04-05 19:33:18] [DEBUG] [OdontologoDaoH2:96] Se encontro al odontologo
[2022-04-05 19:33:30] [DEBUG] [OdontologoDaoH2:23] Conexión exitosa
[2022-04-05 19:33:30] [ERROR] [OdontologoDaoH2:118] ERROR al guardar odontologo
org.h2.jdbc.JdbcSQLSyntaxErrorException: Column "NUMMATRICULA" not found; SQL statement:
INSERT INTO odontologos(numMatricula,nombre,apellido) VALUES(?,?,?) [42122-210]
	at org.h2.message.DbException.getJdbcSQLException(DbException.java:521)
	at org.h2.message.DbException.getJdbcSQLException(DbException.java:496)
	at org.h2.message.DbException.get(DbException.java:227)
	at org.h2.message.DbException.get(DbException.java:203)
	at org.h2.table.Table.getColumn(Table.java:754)
	at org.h2.command.Parser.parseColumn(Parser.java:1247)
	at org.h2.command.Parser.parseColumnList(Parser.java:1232)
	at org.h2.command.Parser.parseInsert(Parser.java:1633)
	at org.h2.command.Parser.parsePrepared(Parser.java:797)
	at org.h2.command.Parser.parse(Parser.java:674)
	at org.h2.command.Parser.parse(Parser.java:644)
	at org.h2.command.Parser.prepareCommand(Parser.java:551)
	at org.h2.engine.SessionLocal.prepareLocal(SessionLocal.java:615)
	at org.h2.engine.SessionLocal.prepareCommand(SessionLocal.java:553)
	at org.h2.jdbc.JdbcConnection.prepareCommand(JdbcConnection.java:1116)
	at org.h2.jdbc.JdbcPreparedStatement.<init>(JdbcPreparedStatement.java:92)
	at org.h2.jdbc.JdbcConnection.prepareStatement(JdbcConnection.java:1044)
	at com.example.test.repository.impl.OdontologoDaoH2.guardar(OdontologoDaoH2.java:107)
	at com.example.test.repository.impl.OdontologoDaoH2.guardar(OdontologoDaoH2.java:11)
	at com.example.test.repository.impl.OdontologoDaoH2$$FastClassBySpringCGLIB$$97096a2d.invoke(<generated>)
	at org.springframework.cglib.proxy.MethodProxy.invoke(MethodProxy.java:218)
	at org.springframework.aop.framework.CglibAopProxy$CglibMethodInvocation.invokeJoinpoint(CglibAopProxy.java:783)
	at org.springframework.aop.framework.ReflectiveMethodInvocation.proceed(ReflectiveMethodInvocation.java:163)
	at org.springframework.aop.framework.CglibAopProxy$CglibMethodInvocation.proceed(CglibAopProxy.java:753)
	at org.springframework.dao.support.PersistenceExceptionTranslationInterceptor.invoke(PersistenceExceptionTranslationInterceptor.java:137)
	at org.springframework.aop.framework.ReflectiveMethodInvocation.proceed(ReflectiveMethodInvocation.java:186)
	at org.springframework.aop.framework.CglibAopProxy$CglibMethodInvocation.proceed(CglibAopProxy.java:753)
	at org.springframework.aop.framework.CglibAopProxy$DynamicAdvisedInterceptor.intercept(CglibAopProxy.java:698)
	at com.example.test.repository.impl.OdontologoDaoH2$$EnhancerBySpringCGLIB$$eed3c57e.guardar(<generated>)
	at com.example.test.servicios.impl.OdontologoService.guardar(OdontologoService.java:17)
	at com.example.test.controller.impl.OdontologoController.newOdontologo(OdontologoController.java:39)
	at java.base/jdk.internal.reflect.NativeMethodAccessorImpl.invoke0(Native Method)
	at java.base/jdk.internal.reflect.NativeMethodAccessorImpl.invoke(NativeMethodAccessorImpl.java:77)
	at java.base/jdk.internal.reflect.DelegatingMethodAccessorImpl.invoke(DelegatingMethodAccessorImpl.java:43)
	at java.base/java.lang.reflect.Method.invoke(Method.java:568)
	at org.springframework.web.method.support.InvocableHandlerMethod.doInvoke(InvocableHandlerMethod.java:205)
	at org.springframework.web.method.support.InvocableHandlerMethod.invokeForRequest(InvocableHandlerMethod.java:150)
	at org.springframework.web.servlet.mvc.method.annotation.ServletInvocableHandlerMethod.invokeAndHandle(ServletInvocableHandlerMethod.java:117)
	at org.springframework.web.servlet.mvc.method.annotation.RequestMappingHandlerAdapter.invokeHandlerMethod(RequestMappingHandlerAdapter.java:895)
	at org.springframework.web.servlet.mvc.method.annotation.RequestMappingHandlerAdapter.handleInternal(RequestMappingHandlerAdapter.java:808)
	at org.springframework.web.servlet.mvc.method.AbstractHandlerMethodAdapter.handle(AbstractHandlerMethodAdapter.java:87)
	at org.springframework.web.servlet.DispatcherServlet.doDispatch(DispatcherServlet.java:1067)
	at org.springframework.web.servlet.DispatcherServlet.doService(DispatcherServlet.java:963)
	at org.springframework.web.servlet.FrameworkServlet.processRequest(FrameworkServlet.java:1006)
	at org.springframework.web.servlet.FrameworkServlet.doPost(FrameworkServlet.java:909)
	at javax.servlet.http.HttpServlet.service(HttpServlet.java:681)
	at org.springframework.web.servlet.FrameworkServlet.service(FrameworkServlet.java:883)
	at javax.servlet.http.HttpServlet.service(HttpServlet.java:764)
	at org.apache.catalina.core.ApplicationFilterChain.internalDoFilter(ApplicationFilterChain.java:227)
	at org.apache.catalina.core.ApplicationFilterChain.doFilter(ApplicationFilterChain.java:162)
	at org.apache.tomcat.websocket.server.WsFilter.doFilter(WsFilter.java:53)
	at org.apache.catalina.core.ApplicationFilterChain.internalDoFilter(ApplicationFilterChain.java:189)
	at org.apache.catalina.core.ApplicationFilterChain.doFilter(ApplicationFilterChain.java:162)
	at org.springframework.web.filter.RequestContextFilter.doFilterInternal(RequestContextFilter.java:100)
	at org.springframework.web.filter.OncePerRequestFilter.doFilter(OncePerRequestFilter.java:117)
	at org.apache.catalina.core.ApplicationFilterChain.internalDoFilter(ApplicationFilterChain.java:189)
	at org.apache.catalina.core.ApplicationFilterChain.doFilter(ApplicationFilterChain.java:162)
	at org.springframework.web.filter.FormContentFilter.doFilterInternal(FormContentFilter.java:93)
	at org.springframework.web.filter.OncePerRequestFilter.doFilter(OncePerRequestFilter.java:117)
	at org.apache.catalina.core.ApplicationFilterChain.internalDoFilter(ApplicationFilterChain.java:189)
	at org.apache.catalina.core.ApplicationFilterChain.doFilter(ApplicationFilterChain.java:162)
	at org.springframework.web.filter.CharacterEncodingFilter.doFilterInternal(CharacterEncodingFilter.java:201)
	at org.springframework.web.filter.OncePerRequestFilter.doFilter(OncePerRequestFilter.java:117)
	at org.apache.catalina.core.ApplicationFilterChain.internalDoFilter(ApplicationFilterChain.java:189)
	at org.apache.catalina.core.ApplicationFilterChain.doFilter(ApplicationFilterChain.java:162)
	at org.apache.catalina.core.StandardWrapperValve.invoke(StandardWrapperValve.java:197)
	at org.apache.catalina.core.StandardContextValve.invoke(StandardContextValve.java:97)
	at org.apache.catalina.authenticator.AuthenticatorBase.invoke(AuthenticatorBase.java:541)
	at org.apache.catalina.core.StandardHostValve.invoke(StandardHostValve.java:135)
	at org.apache.catalina.valves.ErrorReportValve.invoke(ErrorReportValve.java:92)
	at org.apache.catalina.core.StandardEngineValve.invoke(StandardEngineValve.java:78)
	at org.apache.catalina.connector.CoyoteAdapter.service(CoyoteAdapter.java:360)
	at org.apache.coyote.http11.Http11Processor.service(Http11Processor.java:399)
	at org.apache.coyote.AbstractProcessorLight.process(AbstractProcessorLight.java:65)
	at org.apache.coyote.AbstractProtocol$ConnectionHandler.process(AbstractProtocol.java:889)
	at org.apache.tomcat.util.net.NioEndpoint$SocketProcessor.doRun(NioEndpoint.java:1743)
	at org.apache.tomcat.util.net.SocketProcessorBase.run(SocketProcessorBase.java:49)
	at org.apache.tomcat.util.threads.ThreadPoolExecutor.runWorker(ThreadPoolExecutor.java:1191)
	at org.apache.tomcat.util.threads.ThreadPoolExecutor$Worker.run(ThreadPoolExecutor.java:659)
	at org.apache.tomcat.util.threads.TaskThread$WrappingRunnable.run(TaskThread.java:61)
	at java.base/java.lang.Thread.run(Thread.java:833)
[2022-04-05 19:33:30] [DEBUG] [OdontologoDaoH2:122] Conexión cerrada exitosamente
[2022-04-05 19:33:30] [DEBUG] [OdontologoDaoH2:127] Se guardo al odontologo
[2022-04-05 19:33:30] [INFO ] [OdontologoDaoH2:128] Odontologo(id=null, matricula=223123, nombre=Franco, apellido=Jorge)
[2022-04-05 19:37:00] [DEBUG] [OdontologoDaoH2:23] Conexión exitosa
[2022-04-05 19:37:00] [ERROR] [OdontologoDaoH2:118] ERROR al guardar odontologo
org.h2.jdbc.JdbcSQLSyntaxErrorException: Column "NUMMATRICULA" not found; SQL statement:
INSERT INTO odontologos(numMatricula,nombre,apellido) VALUES(?,?,?) [42122-210]
	at org.h2.message.DbException.getJdbcSQLException(DbException.java:521)
	at org.h2.message.DbException.getJdbcSQLException(DbException.java:496)
	at org.h2.message.DbException.get(DbException.java:227)
	at org.h2.message.DbException.get(DbException.java:203)
	at org.h2.table.Table.getColumn(Table.java:754)
	at org.h2.command.Parser.parseColumn(Parser.java:1247)
	at org.h2.command.Parser.parseColumnList(Parser.java:1232)
	at org.h2.command.Parser.parseInsert(Parser.java:1633)
	at org.h2.command.Parser.parsePrepared(Parser.java:797)
	at org.h2.command.Parser.parse(Parser.java:674)
	at org.h2.command.Parser.parse(Parser.java:644)
	at org.h2.command.Parser.prepareCommand(Parser.java:551)
	at org.h2.engine.SessionLocal.prepareLocal(SessionLocal.java:615)
	at org.h2.engine.SessionLocal.prepareCommand(SessionLocal.java:553)
	at org.h2.jdbc.JdbcConnection.prepareCommand(JdbcConnection.java:1116)
	at org.h2.jdbc.JdbcPreparedStatement.<init>(JdbcPreparedStatement.java:92)
	at org.h2.jdbc.JdbcConnection.prepareStatement(JdbcConnection.java:1044)
	at com.example.test.repository.impl.OdontologoDaoH2.guardar(OdontologoDaoH2.java:107)
	at com.example.test.repository.impl.OdontologoDaoH2.guardar(OdontologoDaoH2.java:11)
	at com.example.test.repository.impl.OdontologoDaoH2$$FastClassBySpringCGLIB$$97096a2d.invoke(<generated>)
	at org.springframework.cglib.proxy.MethodProxy.invoke(MethodProxy.java:218)
	at org.springframework.aop.framework.CglibAopProxy$CglibMethodInvocation.invokeJoinpoint(CglibAopProxy.java:783)
	at org.springframework.aop.framework.ReflectiveMethodInvocation.proceed(ReflectiveMethodInvocation.java:163)
	at org.springframework.aop.framework.CglibAopProxy$CglibMethodInvocation.proceed(CglibAopProxy.java:753)
	at org.springframework.dao.support.PersistenceExceptionTranslationInterceptor.invoke(PersistenceExceptionTranslationInterceptor.java:137)
	at org.springframework.aop.framework.ReflectiveMethodInvocation.proceed(ReflectiveMethodInvocation.java:186)
	at org.springframework.aop.framework.CglibAopProxy$CglibMethodInvocation.proceed(CglibAopProxy.java:753)
	at org.springframework.aop.framework.CglibAopProxy$DynamicAdvisedInterceptor.intercept(CglibAopProxy.java:698)
	at com.example.test.repository.impl.OdontologoDaoH2$$EnhancerBySpringCGLIB$$83922156.guardar(<generated>)
	at com.example.test.servicios.impl.OdontologoService.guardar(OdontologoService.java:17)
	at com.example.test.controller.impl.OdontologoController.newOdontologo(OdontologoController.java:39)
	at java.base/jdk.internal.reflect.NativeMethodAccessorImpl.invoke0(Native Method)
	at java.base/jdk.internal.reflect.NativeMethodAccessorImpl.invoke(NativeMethodAccessorImpl.java:77)
	at java.base/jdk.internal.reflect.DelegatingMethodAccessorImpl.invoke(DelegatingMethodAccessorImpl.java:43)
	at java.base/java.lang.reflect.Method.invoke(Method.java:568)
	at org.springframework.web.method.support.InvocableHandlerMethod.doInvoke(InvocableHandlerMethod.java:205)
	at org.springframework.web.method.support.InvocableHandlerMethod.invokeForRequest(InvocableHandlerMethod.java:150)
	at org.springframework.web.servlet.mvc.method.annotation.ServletInvocableHandlerMethod.invokeAndHandle(ServletInvocableHandlerMethod.java:117)
	at org.springframework.web.servlet.mvc.method.annotation.RequestMappingHandlerAdapter.invokeHandlerMethod(RequestMappingHandlerAdapter.java:895)
	at org.springframework.web.servlet.mvc.method.annotation.RequestMappingHandlerAdapter.handleInternal(RequestMappingHandlerAdapter.java:808)
	at org.springframework.web.servlet.mvc.method.AbstractHandlerMethodAdapter.handle(AbstractHandlerMethodAdapter.java:87)
	at org.springframework.web.servlet.DispatcherServlet.doDispatch(DispatcherServlet.java:1067)
	at org.springframework.web.servlet.DispatcherServlet.doService(DispatcherServlet.java:963)
	at org.springframework.web.servlet.FrameworkServlet.processRequest(FrameworkServlet.java:1006)
	at org.springframework.web.servlet.FrameworkServlet.doPost(FrameworkServlet.java:909)
	at javax.servlet.http.HttpServlet.service(HttpServlet.java:681)
	at org.springframework.web.servlet.FrameworkServlet.service(FrameworkServlet.java:883)
	at javax.servlet.http.HttpServlet.service(HttpServlet.java:764)
	at org.apache.catalina.core.ApplicationFilterChain.internalDoFilter(ApplicationFilterChain.java:227)
	at org.apache.catalina.core.ApplicationFilterChain.doFilter(ApplicationFilterChain.java:162)
	at org.apache.tomcat.websocket.server.WsFilter.doFilter(WsFilter.java:53)
	at org.apache.catalina.core.ApplicationFilterChain.internalDoFilter(ApplicationFilterChain.java:189)
	at org.apache.catalina.core.ApplicationFilterChain.doFilter(ApplicationFilterChain.java:162)
	at org.springframework.web.filter.RequestContextFilter.doFilterInternal(RequestContextFilter.java:100)
	at org.springframework.web.filter.OncePerRequestFilter.doFilter(OncePerRequestFilter.java:117)
	at org.apache.catalina.core.ApplicationFilterChain.internalDoFilter(ApplicationFilterChain.java:189)
	at org.apache.catalina.core.ApplicationFilterChain.doFilter(ApplicationFilterChain.java:162)
	at org.springframework.web.filter.FormContentFilter.doFilterInternal(FormContentFilter.java:93)
	at org.springframework.web.filter.OncePerRequestFilter.doFilter(OncePerRequestFilter.java:117)
	at org.apache.catalina.core.ApplicationFilterChain.internalDoFilter(ApplicationFilterChain.java:189)
	at org.apache.catalina.core.ApplicationFilterChain.doFilter(ApplicationFilterChain.java:162)
	at org.springframework.web.filter.CharacterEncodingFilter.doFilterInternal(CharacterEncodingFilter.java:201)
	at org.springframework.web.filter.OncePerRequestFilter.doFilter(OncePerRequestFilter.java:117)
	at org.apache.catalina.core.ApplicationFilterChain.internalDoFilter(ApplicationFilterChain.java:189)
	at org.apache.catalina.core.ApplicationFilterChain.doFilter(ApplicationFilterChain.java:162)
	at org.apache.catalina.core.StandardWrapperValve.invoke(StandardWrapperValve.java:197)
	at org.apache.catalina.core.StandardContextValve.invoke(StandardContextValve.java:97)
	at org.apache.catalina.authenticator.AuthenticatorBase.invoke(AuthenticatorBase.java:541)
	at org.apache.catalina.core.StandardHostValve.invoke(StandardHostValve.java:135)
	at org.apache.catalina.valves.ErrorReportValve.invoke(ErrorReportValve.java:92)
	at org.apache.catalina.core.StandardEngineValve.invoke(StandardEngineValve.java:78)
	at org.apache.catalina.connector.CoyoteAdapter.service(CoyoteAdapter.java:360)
	at org.apache.coyote.http11.Http11Processor.service(Http11Processor.java:399)
	at org.apache.coyote.AbstractProcessorLight.process(AbstractProcessorLight.java:65)
	at org.apache.coyote.AbstractProtocol$ConnectionHandler.process(AbstractProtocol.java:889)
	at org.apache.tomcat.util.net.NioEndpoint$SocketProcessor.doRun(NioEndpoint.java:1743)
	at org.apache.tomcat.util.net.SocketProcessorBase.run(SocketProcessorBase.java:49)
	at org.apache.tomcat.util.threads.ThreadPoolExecutor.runWorker(ThreadPoolExecutor.java:1191)
	at org.apache.tomcat.util.threads.ThreadPoolExecutor$Worker.run(ThreadPoolExecutor.java:659)
	at org.apache.tomcat.util.threads.TaskThread$WrappingRunnable.run(TaskThread.java:61)
	at java.base/java.lang.Thread.run(Thread.java:833)
[2022-04-05 19:37:00] [DEBUG] [OdontologoDaoH2:122] Conexión cerrada exitosamente
[2022-04-05 19:37:00] [DEBUG] [OdontologoDaoH2:127] Se guardo al odontologo
[2022-04-05 19:37:00] [INFO ] [OdontologoDaoH2:128] Odontologo(id=null, matricula=223123, nombre=Franco, apellido=Jorge)
[2022-04-05 19:40:21] [DEBUG] [OdontologoDaoH2:23] Conexión exitosa
[2022-04-05 19:40:21] [ERROR] [OdontologoDaoH2:118] ERROR al guardar odontologo
org.h2.jdbc.JdbcSQLSyntaxErrorException: Column "NUMMATRICULA" not found; SQL statement:
INSERT INTO odontologos(numMatricula,nombre,apellido) VALUES(?,?,?) [42122-210]
	at org.h2.message.DbException.getJdbcSQLException(DbException.java:521)
	at org.h2.message.DbException.getJdbcSQLException(DbException.java:496)
	at org.h2.message.DbException.get(DbException.java:227)
	at org.h2.message.DbException.get(DbException.java:203)
	at org.h2.table.Table.getColumn(Table.java:754)
	at org.h2.command.Parser.parseColumn(Parser.java:1247)
	at org.h2.command.Parser.parseColumnList(Parser.java:1232)
	at org.h2.command.Parser.parseInsert(Parser.java:1633)
	at org.h2.command.Parser.parsePrepared(Parser.java:797)
	at org.h2.command.Parser.parse(Parser.java:674)
	at org.h2.command.Parser.parse(Parser.java:644)
	at org.h2.command.Parser.prepareCommand(Parser.java:551)
	at org.h2.engine.SessionLocal.prepareLocal(SessionLocal.java:615)
	at org.h2.engine.SessionLocal.prepareCommand(SessionLocal.java:553)
	at org.h2.jdbc.JdbcConnection.prepareCommand(JdbcConnection.java:1116)
	at org.h2.jdbc.JdbcPreparedStatement.<init>(JdbcPreparedStatement.java:92)
	at org.h2.jdbc.JdbcConnection.prepareStatement(JdbcConnection.java:1044)
	at com.example.test.repository.impl.OdontologoDaoH2.guardar(OdontologoDaoH2.java:107)
	at com.example.test.repository.impl.OdontologoDaoH2.guardar(OdontologoDaoH2.java:11)
	at com.example.test.repository.impl.OdontologoDaoH2$$FastClassBySpringCGLIB$$97096a2d.invoke(<generated>)
	at org.springframework.cglib.proxy.MethodProxy.invoke(MethodProxy.java:218)
	at org.springframework.aop.framework.CglibAopProxy$CglibMethodInvocation.invokeJoinpoint(CglibAopProxy.java:783)
	at org.springframework.aop.framework.ReflectiveMethodInvocation.proceed(ReflectiveMethodInvocation.java:163)
	at org.springframework.aop.framework.CglibAopProxy$CglibMethodInvocation.proceed(CglibAopProxy.java:753)
	at org.springframework.dao.support.PersistenceExceptionTranslationInterceptor.invoke(PersistenceExceptionTranslationInterceptor.java:137)
	at org.springframework.aop.framework.ReflectiveMethodInvocation.proceed(ReflectiveMethodInvocation.java:186)
	at org.springframework.aop.framework.CglibAopProxy$CglibMethodInvocation.proceed(CglibAopProxy.java:753)
	at org.springframework.aop.framework.CglibAopProxy$DynamicAdvisedInterceptor.intercept(CglibAopProxy.java:698)
	at com.example.test.repository.impl.OdontologoDaoH2$$EnhancerBySpringCGLIB$$83922156.guardar(<generated>)
	at com.example.test.servicios.impl.OdontologoService.guardar(OdontologoService.java:17)
	at com.example.test.controller.impl.OdontologoController.newOdontologo(OdontologoController.java:39)
	at java.base/jdk.internal.reflect.NativeMethodAccessorImpl.invoke0(Native Method)
	at java.base/jdk.internal.reflect.NativeMethodAccessorImpl.invoke(NativeMethodAccessorImpl.java:77)
	at java.base/jdk.internal.reflect.DelegatingMethodAccessorImpl.invoke(DelegatingMethodAccessorImpl.java:43)
	at java.base/java.lang.reflect.Method.invoke(Method.java:568)
	at org.springframework.web.method.support.InvocableHandlerMethod.doInvoke(InvocableHandlerMethod.java:205)
	at org.springframework.web.method.support.InvocableHandlerMethod.invokeForRequest(InvocableHandlerMethod.java:150)
	at org.springframework.web.servlet.mvc.method.annotation.ServletInvocableHandlerMethod.invokeAndHandle(ServletInvocableHandlerMethod.java:117)
	at org.springframework.web.servlet.mvc.method.annotation.RequestMappingHandlerAdapter.invokeHandlerMethod(RequestMappingHandlerAdapter.java:895)
	at org.springframework.web.servlet.mvc.method.annotation.RequestMappingHandlerAdapter.handleInternal(RequestMappingHandlerAdapter.java:808)
	at org.springframework.web.servlet.mvc.method.AbstractHandlerMethodAdapter.handle(AbstractHandlerMethodAdapter.java:87)
	at org.springframework.web.servlet.DispatcherServlet.doDispatch(DispatcherServlet.java:1067)
	at org.springframework.web.servlet.DispatcherServlet.doService(DispatcherServlet.java:963)
	at org.springframework.web.servlet.FrameworkServlet.processRequest(FrameworkServlet.java:1006)
	at org.springframework.web.servlet.FrameworkServlet.doPost(FrameworkServlet.java:909)
	at javax.servlet.http.HttpServlet.service(HttpServlet.java:681)
	at org.springframework.web.servlet.FrameworkServlet.service(FrameworkServlet.java:883)
	at javax.servlet.http.HttpServlet.service(HttpServlet.java:764)
	at org.apache.catalina.core.ApplicationFilterChain.internalDoFilter(ApplicationFilterChain.java:227)
	at org.apache.catalina.core.ApplicationFilterChain.doFilter(ApplicationFilterChain.java:162)
	at org.apache.tomcat.websocket.server.WsFilter.doFilter(WsFilter.java:53)
	at org.apache.catalina.core.ApplicationFilterChain.internalDoFilter(ApplicationFilterChain.java:189)
	at org.apache.catalina.core.ApplicationFilterChain.doFilter(ApplicationFilterChain.java:162)
	at org.springframework.web.filter.RequestContextFilter.doFilterInternal(RequestContextFilter.java:100)
	at org.springframework.web.filter.OncePerRequestFilter.doFilter(OncePerRequestFilter.java:117)
	at org.apache.catalina.core.ApplicationFilterChain.internalDoFilter(ApplicationFilterChain.java:189)
	at org.apache.catalina.core.ApplicationFilterChain.doFilter(ApplicationFilterChain.java:162)
	at org.springframework.web.filter.FormContentFilter.doFilterInternal(FormContentFilter.java:93)
	at org.springframework.web.filter.OncePerRequestFilter.doFilter(OncePerRequestFilter.java:117)
	at org.apache.catalina.core.ApplicationFilterChain.internalDoFilter(ApplicationFilterChain.java:189)
	at org.apache.catalina.core.ApplicationFilterChain.doFilter(ApplicationFilterChain.java:162)
	at org.springframework.web.filter.CharacterEncodingFilter.doFilterInternal(CharacterEncodingFilter.java:201)
	at org.springframework.web.filter.OncePerRequestFilter.doFilter(OncePerRequestFilter.java:117)
	at org.apache.catalina.core.ApplicationFilterChain.internalDoFilter(ApplicationFilterChain.java:189)
	at org.apache.catalina.core.ApplicationFilterChain.doFilter(ApplicationFilterChain.java:162)
	at org.apache.catalina.core.StandardWrapperValve.invoke(StandardWrapperValve.java:197)
	at org.apache.catalina.core.StandardContextValve.invoke(StandardContextValve.java:97)
	at org.apache.catalina.authenticator.AuthenticatorBase.invoke(AuthenticatorBase.java:541)
	at org.apache.catalina.core.StandardHostValve.invoke(StandardHostValve.java:135)
	at org.apache.catalina.valves.ErrorReportValve.invoke(ErrorReportValve.java:92)
	at org.apache.catalina.core.StandardEngineValve.invoke(StandardEngineValve.java:78)
	at org.apache.catalina.connector.CoyoteAdapter.service(CoyoteAdapter.java:360)
	at org.apache.coyote.http11.Http11Processor.service(Http11Processor.java:399)
	at org.apache.coyote.AbstractProcessorLight.process(AbstractProcessorLight.java:65)
	at org.apache.coyote.AbstractProtocol$ConnectionHandler.process(AbstractProtocol.java:889)
	at org.apache.tomcat.util.net.NioEndpoint$SocketProcessor.doRun(NioEndpoint.java:1743)
	at org.apache.tomcat.util.net.SocketProcessorBase.run(SocketProcessorBase.java:49)
	at org.apache.tomcat.util.threads.ThreadPoolExecutor.runWorker(ThreadPoolExecutor.java:1191)
	at org.apache.tomcat.util.threads.ThreadPoolExecutor$Worker.run(ThreadPoolExecutor.java:659)
	at org.apache.tomcat.util.threads.TaskThread$WrappingRunnable.run(TaskThread.java:61)
	at java.base/java.lang.Thread.run(Thread.java:833)
[2022-04-05 19:40:21] [DEBUG] [OdontologoDaoH2:122] Conexión cerrada exitosamente
[2022-04-05 19:40:21] [DEBUG] [OdontologoDaoH2:127] Se guardo al odontologo
[2022-04-05 19:40:21] [INFO ] [OdontologoDaoH2:128] Odontologo(id=null, matricula=223123, nombre=Franco, apellido=Jorge)
[2022-04-05 19:40:26] [DEBUG] [OdontologoDaoH2:23] Conexión exitosa
[2022-04-05 19:40:26] [DEBUG] [OdontologoDaoH2:63] Se creo la lista de odontologos
[2022-04-05 19:40:28] [DEBUG] [OdontologoDaoH2:23] Conexión exitosa
[2022-04-05 19:40:28] [DEBUG] [OdontologoDaoH2:63] Se creo la lista de odontologos
[2022-04-05 19:40:37] [DEBUG] [OdontologoDaoH2:23] Conexión exitosa
[2022-04-05 19:40:37] [ERROR] [OdontologoDaoH2:118] ERROR al guardar odontologo
org.h2.jdbc.JdbcSQLSyntaxErrorException: Column "NUMMATRICULA" not found; SQL statement:
INSERT INTO odontologos(numMatricula,nombre,apellido) VALUES(?,?,?) [42122-210]
	at org.h2.message.DbException.getJdbcSQLException(DbException.java:521)
	at org.h2.message.DbException.getJdbcSQLException(DbException.java:496)
	at org.h2.message.DbException.get(DbException.java:227)
	at org.h2.message.DbException.get(DbException.java:203)
	at org.h2.table.Table.getColumn(Table.java:754)
	at org.h2.command.Parser.parseColumn(Parser.java:1247)
	at org.h2.command.Parser.parseColumnList(Parser.java:1232)
	at org.h2.command.Parser.parseInsert(Parser.java:1633)
	at org.h2.command.Parser.parsePrepared(Parser.java:797)
	at org.h2.command.Parser.parse(Parser.java:674)
	at org.h2.command.Parser.parse(Parser.java:644)
	at org.h2.command.Parser.prepareCommand(Parser.java:551)
	at org.h2.engine.SessionLocal.prepareLocal(SessionLocal.java:615)
	at org.h2.engine.SessionLocal.prepareCommand(SessionLocal.java:553)
	at org.h2.jdbc.JdbcConnection.prepareCommand(JdbcConnection.java:1116)
	at org.h2.jdbc.JdbcPreparedStatement.<init>(JdbcPreparedStatement.java:92)
	at org.h2.jdbc.JdbcConnection.prepareStatement(JdbcConnection.java:1044)
	at com.example.test.repository.impl.OdontologoDaoH2.guardar(OdontologoDaoH2.java:107)
	at com.example.test.repository.impl.OdontologoDaoH2.guardar(OdontologoDaoH2.java:11)
	at com.example.test.repository.impl.OdontologoDaoH2$$FastClassBySpringCGLIB$$97096a2d.invoke(<generated>)
	at org.springframework.cglib.proxy.MethodProxy.invoke(MethodProxy.java:218)
	at org.springframework.aop.framework.CglibAopProxy$CglibMethodInvocation.invokeJoinpoint(CglibAopProxy.java:783)
	at org.springframework.aop.framework.ReflectiveMethodInvocation.proceed(ReflectiveMethodInvocation.java:163)
	at org.springframework.aop.framework.CglibAopProxy$CglibMethodInvocation.proceed(CglibAopProxy.java:753)
	at org.springframework.dao.support.PersistenceExceptionTranslationInterceptor.invoke(PersistenceExceptionTranslationInterceptor.java:137)
	at org.springframework.aop.framework.ReflectiveMethodInvocation.proceed(ReflectiveMethodInvocation.java:186)
	at org.springframework.aop.framework.CglibAopProxy$CglibMethodInvocation.proceed(CglibAopProxy.java:753)
	at org.springframework.aop.framework.CglibAopProxy$DynamicAdvisedInterceptor.intercept(CglibAopProxy.java:698)
	at com.example.test.repository.impl.OdontologoDaoH2$$EnhancerBySpringCGLIB$$83922156.guardar(<generated>)
	at com.example.test.servicios.impl.OdontologoService.guardar(OdontologoService.java:17)
	at com.example.test.controller.impl.OdontologoController.newOdontologo(OdontologoController.java:39)
	at java.base/jdk.internal.reflect.NativeMethodAccessorImpl.invoke0(Native Method)
	at java.base/jdk.internal.reflect.NativeMethodAccessorImpl.invoke(NativeMethodAccessorImpl.java:77)
	at java.base/jdk.internal.reflect.DelegatingMethodAccessorImpl.invoke(DelegatingMethodAccessorImpl.java:43)
	at java.base/java.lang.reflect.Method.invoke(Method.java:568)
	at org.springframework.web.method.support.InvocableHandlerMethod.doInvoke(InvocableHandlerMethod.java:205)
	at org.springframework.web.method.support.InvocableHandlerMethod.invokeForRequest(InvocableHandlerMethod.java:150)
	at org.springframework.web.servlet.mvc.method.annotation.ServletInvocableHandlerMethod.invokeAndHandle(ServletInvocableHandlerMethod.java:117)
	at org.springframework.web.servlet.mvc.method.annotation.RequestMappingHandlerAdapter.invokeHandlerMethod(RequestMappingHandlerAdapter.java:895)
	at org.springframework.web.servlet.mvc.method.annotation.RequestMappingHandlerAdapter.handleInternal(RequestMappingHandlerAdapter.java:808)
	at org.springframework.web.servlet.mvc.method.AbstractHandlerMethodAdapter.handle(AbstractHandlerMethodAdapter.java:87)
	at org.springframework.web.servlet.DispatcherServlet.doDispatch(DispatcherServlet.java:1067)
	at org.springframework.web.servlet.DispatcherServlet.doService(DispatcherServlet.java:963)
	at org.springframework.web.servlet.FrameworkServlet.processRequest(FrameworkServlet.java:1006)
	at org.springframework.web.servlet.FrameworkServlet.doPost(FrameworkServlet.java:909)
	at javax.servlet.http.HttpServlet.service(HttpServlet.java:681)
	at org.springframework.web.servlet.FrameworkServlet.service(FrameworkServlet.java:883)
	at javax.servlet.http.HttpServlet.service(HttpServlet.java:764)
	at org.apache.catalina.core.ApplicationFilterChain.internalDoFilter(ApplicationFilterChain.java:227)
	at org.apache.catalina.core.ApplicationFilterChain.doFilter(ApplicationFilterChain.java:162)
	at org.apache.tomcat.websocket.server.WsFilter.doFilter(WsFilter.java:53)
	at org.apache.catalina.core.ApplicationFilterChain.internalDoFilter(ApplicationFilterChain.java:189)
	at org.apache.catalina.core.ApplicationFilterChain.doFilter(ApplicationFilterChain.java:162)
	at org.springframework.web.filter.RequestContextFilter.doFilterInternal(RequestContextFilter.java:100)
	at org.springframework.web.filter.OncePerRequestFilter.doFilter(OncePerRequestFilter.java:117)
	at org.apache.catalina.core.ApplicationFilterChain.internalDoFilter(ApplicationFilterChain.java:189)
	at org.apache.catalina.core.ApplicationFilterChain.doFilter(ApplicationFilterChain.java:162)
	at org.springframework.web.filter.FormContentFilter.doFilterInternal(FormContentFilter.java:93)
	at org.springframework.web.filter.OncePerRequestFilter.doFilter(OncePerRequestFilter.java:117)
	at org.apache.catalina.core.ApplicationFilterChain.internalDoFilter(ApplicationFilterChain.java:189)
	at org.apache.catalina.core.ApplicationFilterChain.doFilter(ApplicationFilterChain.java:162)
	at org.springframework.web.filter.CharacterEncodingFilter.doFilterInternal(CharacterEncodingFilter.java:201)
	at org.springframework.web.filter.OncePerRequestFilter.doFilter(OncePerRequestFilter.java:117)
	at org.apache.catalina.core.ApplicationFilterChain.internalDoFilter(ApplicationFilterChain.java:189)
	at org.apache.catalina.core.ApplicationFilterChain.doFilter(ApplicationFilterChain.java:162)
	at org.apache.catalina.core.StandardWrapperValve.invoke(StandardWrapperValve.java:197)
	at org.apache.catalina.core.StandardContextValve.invoke(StandardContextValve.java:97)
	at org.apache.catalina.authenticator.AuthenticatorBase.invoke(AuthenticatorBase.java:541)
	at org.apache.catalina.core.StandardHostValve.invoke(StandardHostValve.java:135)
	at org.apache.catalina.valves.ErrorReportValve.invoke(ErrorReportValve.java:92)
	at org.apache.catalina.core.StandardEngineValve.invoke(StandardEngineValve.java:78)
	at org.apache.catalina.connector.CoyoteAdapter.service(CoyoteAdapter.java:360)
	at org.apache.coyote.http11.Http11Processor.service(Http11Processor.java:399)
	at org.apache.coyote.AbstractProcessorLight.process(AbstractProcessorLight.java:65)
	at org.apache.coyote.AbstractProtocol$ConnectionHandler.process(AbstractProtocol.java:889)
	at org.apache.tomcat.util.net.NioEndpoint$SocketProcessor.doRun(NioEndpoint.java:1743)
	at org.apache.tomcat.util.net.SocketProcessorBase.run(SocketProcessorBase.java:49)
	at org.apache.tomcat.util.threads.ThreadPoolExecutor.runWorker(ThreadPoolExecutor.java:1191)
	at org.apache.tomcat.util.threads.ThreadPoolExecutor$Worker.run(ThreadPoolExecutor.java:659)
	at org.apache.tomcat.util.threads.TaskThread$WrappingRunnable.run(TaskThread.java:61)
	at java.base/java.lang.Thread.run(Thread.java:833)
[2022-04-05 19:40:37] [DEBUG] [OdontologoDaoH2:122] Conexión cerrada exitosamente
[2022-04-05 19:40:37] [DEBUG] [OdontologoDaoH2:127] Se guardo al odontologo
[2022-04-05 19:40:37] [INFO ] [OdontologoDaoH2:128] Odontologo(id=null, matricula=432, nombre=sd, apellido=asd)
[2022-04-05 19:40:49] [DEBUG] [OdontologoDaoH2:23] Conexión exitosa
[2022-04-05 19:40:49] [DEBUG] [OdontologoDaoH2:63] Se creo la lista de odontologos
[2022-04-05 19:40:50] [DEBUG] [OdontologoDaoH2:23] Conexión exitosa
[2022-04-05 19:40:50] [DEBUG] [OdontologoDaoH2:63] Se creo la lista de odontologos
[2022-04-05 19:51:47] [DEBUG] [OdontologoDaoH2:23] Conexión exitosa
[2022-04-05 19:51:47] [DEBUG] [OdontologoDaoH2:63] Se creo la lista de odontologos
[2022-04-05 19:51:51] [DEBUG] [OdontologoDaoH2:23] Conexión exitosa
[2022-04-05 19:51:51] [ERROR] [OdontologoDaoH2:118] ERROR al guardar odontologo
org.h2.jdbc.JdbcSQLSyntaxErrorException: Column "NUMMATRICULA" not found; SQL statement:
INSERT INTO odontologos(numMatricula,nombre,apellido) VALUES(?,?,?) [42122-210]
	at org.h2.message.DbException.getJdbcSQLException(DbException.java:521)
	at org.h2.message.DbException.getJdbcSQLException(DbException.java:496)
	at org.h2.message.DbException.get(DbException.java:227)
	at org.h2.message.DbException.get(DbException.java:203)
	at org.h2.table.Table.getColumn(Table.java:754)
	at org.h2.command.Parser.parseColumn(Parser.java:1247)
	at org.h2.command.Parser.parseColumnList(Parser.java:1232)
	at org.h2.command.Parser.parseInsert(Parser.java:1633)
	at org.h2.command.Parser.parsePrepared(Parser.java:797)
	at org.h2.command.Parser.parse(Parser.java:674)
	at org.h2.command.Parser.parse(Parser.java:644)
	at org.h2.command.Parser.prepareCommand(Parser.java:551)
	at org.h2.engine.SessionLocal.prepareLocal(SessionLocal.java:615)
	at org.h2.engine.SessionLocal.prepareCommand(SessionLocal.java:553)
	at org.h2.jdbc.JdbcConnection.prepareCommand(JdbcConnection.java:1116)
	at org.h2.jdbc.JdbcPreparedStatement.<init>(JdbcPreparedStatement.java:92)
	at org.h2.jdbc.JdbcConnection.prepareStatement(JdbcConnection.java:1044)
	at com.example.test.repository.impl.OdontologoDaoH2.guardar(OdontologoDaoH2.java:107)
	at com.example.test.repository.impl.OdontologoDaoH2.guardar(OdontologoDaoH2.java:11)
	at com.example.test.repository.impl.OdontologoDaoH2$$FastClassBySpringCGLIB$$97096a2d.invoke(<generated>)
	at org.springframework.cglib.proxy.MethodProxy.invoke(MethodProxy.java:218)
	at org.springframework.aop.framework.CglibAopProxy$CglibMethodInvocation.invokeJoinpoint(CglibAopProxy.java:783)
	at org.springframework.aop.framework.ReflectiveMethodInvocation.proceed(ReflectiveMethodInvocation.java:163)
	at org.springframework.aop.framework.CglibAopProxy$CglibMethodInvocation.proceed(CglibAopProxy.java:753)
	at org.springframework.dao.support.PersistenceExceptionTranslationInterceptor.invoke(PersistenceExceptionTranslationInterceptor.java:137)
	at org.springframework.aop.framework.ReflectiveMethodInvocation.proceed(ReflectiveMethodInvocation.java:186)
	at org.springframework.aop.framework.CglibAopProxy$CglibMethodInvocation.proceed(CglibAopProxy.java:753)
	at org.springframework.aop.framework.CglibAopProxy$DynamicAdvisedInterceptor.intercept(CglibAopProxy.java:698)
	at com.example.test.repository.impl.OdontologoDaoH2$$EnhancerBySpringCGLIB$$26fff39b.guardar(<generated>)
	at com.example.test.servicios.impl.OdontologoService.guardar(OdontologoService.java:17)
	at com.example.test.controller.impl.OdontologoController.newOdontologo(OdontologoController.java:39)
	at java.base/jdk.internal.reflect.NativeMethodAccessorImpl.invoke0(Native Method)
	at java.base/jdk.internal.reflect.NativeMethodAccessorImpl.invoke(NativeMethodAccessorImpl.java:77)
	at java.base/jdk.internal.reflect.DelegatingMethodAccessorImpl.invoke(DelegatingMethodAccessorImpl.java:43)
	at java.base/java.lang.reflect.Method.invoke(Method.java:568)
	at org.springframework.web.method.support.InvocableHandlerMethod.doInvoke(InvocableHandlerMethod.java:205)
	at org.springframework.web.method.support.InvocableHandlerMethod.invokeForRequest(InvocableHandlerMethod.java:150)
	at org.springframework.web.servlet.mvc.method.annotation.ServletInvocableHandlerMethod.invokeAndHandle(ServletInvocableHandlerMethod.java:117)
	at org.springframework.web.servlet.mvc.method.annotation.RequestMappingHandlerAdapter.invokeHandlerMethod(RequestMappingHandlerAdapter.java:895)
	at org.springframework.web.servlet.mvc.method.annotation.RequestMappingHandlerAdapter.handleInternal(RequestMappingHandlerAdapter.java:808)
	at org.springframework.web.servlet.mvc.method.AbstractHandlerMethodAdapter.handle(AbstractHandlerMethodAdapter.java:87)
	at org.springframework.web.servlet.DispatcherServlet.doDispatch(DispatcherServlet.java:1067)
	at org.springframework.web.servlet.DispatcherServlet.doService(DispatcherServlet.java:963)
	at org.springframework.web.servlet.FrameworkServlet.processRequest(FrameworkServlet.java:1006)
	at org.springframework.web.servlet.FrameworkServlet.doPost(FrameworkServlet.java:909)
	at javax.servlet.http.HttpServlet.service(HttpServlet.java:681)
	at org.springframework.web.servlet.FrameworkServlet.service(FrameworkServlet.java:883)
	at javax.servlet.http.HttpServlet.service(HttpServlet.java:764)
	at org.apache.catalina.core.ApplicationFilterChain.internalDoFilter(ApplicationFilterChain.java:227)
	at org.apache.catalina.core.ApplicationFilterChain.doFilter(ApplicationFilterChain.java:162)
	at org.apache.tomcat.websocket.server.WsFilter.doFilter(WsFilter.java:53)
	at org.apache.catalina.core.ApplicationFilterChain.internalDoFilter(ApplicationFilterChain.java:189)
	at org.apache.catalina.core.ApplicationFilterChain.doFilter(ApplicationFilterChain.java:162)
	at org.springframework.web.filter.RequestContextFilter.doFilterInternal(RequestContextFilter.java:100)
	at org.springframework.web.filter.OncePerRequestFilter.doFilter(OncePerRequestFilter.java:117)
	at org.apache.catalina.core.ApplicationFilterChain.internalDoFilter(ApplicationFilterChain.java:189)
	at org.apache.catalina.core.ApplicationFilterChain.doFilter(ApplicationFilterChain.java:162)
	at org.springframework.web.filter.FormContentFilter.doFilterInternal(FormContentFilter.java:93)
	at org.springframework.web.filter.OncePerRequestFilter.doFilter(OncePerRequestFilter.java:117)
	at org.apache.catalina.core.ApplicationFilterChain.internalDoFilter(ApplicationFilterChain.java:189)
	at org.apache.catalina.core.ApplicationFilterChain.doFilter(ApplicationFilterChain.java:162)
	at org.springframework.web.filter.CharacterEncodingFilter.doFilterInternal(CharacterEncodingFilter.java:201)
	at org.springframework.web.filter.OncePerRequestFilter.doFilter(OncePerRequestFilter.java:117)
	at org.apache.catalina.core.ApplicationFilterChain.internalDoFilter(ApplicationFilterChain.java:189)
	at org.apache.catalina.core.ApplicationFilterChain.doFilter(ApplicationFilterChain.java:162)
	at org.apache.catalina.core.StandardWrapperValve.invoke(StandardWrapperValve.java:197)
	at org.apache.catalina.core.StandardContextValve.invoke(StandardContextValve.java:97)
	at org.apache.catalina.authenticator.AuthenticatorBase.invoke(AuthenticatorBase.java:541)
	at org.apache.catalina.core.StandardHostValve.invoke(StandardHostValve.java:135)
	at org.apache.catalina.valves.ErrorReportValve.invoke(ErrorReportValve.java:92)
	at org.apache.catalina.core.StandardEngineValve.invoke(StandardEngineValve.java:78)
	at org.apache.catalina.connector.CoyoteAdapter.service(CoyoteAdapter.java:360)
	at org.apache.coyote.http11.Http11Processor.service(Http11Processor.java:399)
	at org.apache.coyote.AbstractProcessorLight.process(AbstractProcessorLight.java:65)
	at org.apache.coyote.AbstractProtocol$ConnectionHandler.process(AbstractProtocol.java:889)
	at org.apache.tomcat.util.net.NioEndpoint$SocketProcessor.doRun(NioEndpoint.java:1743)
	at org.apache.tomcat.util.net.SocketProcessorBase.run(SocketProcessorBase.java:49)
	at org.apache.tomcat.util.threads.ThreadPoolExecutor.runWorker(ThreadPoolExecutor.java:1191)
	at org.apache.tomcat.util.threads.ThreadPoolExecutor$Worker.run(ThreadPoolExecutor.java:659)
	at org.apache.tomcat.util.threads.TaskThread$WrappingRunnable.run(TaskThread.java:61)
	at java.base/java.lang.Thread.run(Thread.java:833)
[2022-04-05 19:51:51] [DEBUG] [OdontologoDaoH2:122] Conexión cerrada exitosamente
[2022-04-05 19:51:51] [DEBUG] [OdontologoDaoH2:127] Se guardo al odontologo
[2022-04-05 19:51:51] [INFO ] [OdontologoDaoH2:128] Odontologo(id=null, matricula=223123, nombre=Franco, apellido=Jorge)
[2022-04-05 19:51:54] [DEBUG] [OdontologoDaoH2:23] Conexión exitosa
[2022-04-05 19:51:54] [DEBUG] [OdontologoDaoH2:63] Se creo la lista de odontologos
[2022-04-24 23:47:29] [ERROR] [GlobalExceptionsHandler:16] El id del odontólogo no puede ser null
[2022-04-25 13:21:06] [ERROR] [GlobalExceptionsHandler:16] El id del odontólogo no puede ser null
